<?xml version="1.0" encoding="UTF-8"?>
<!-- Generated by org.testng.reporters.JUnitReportReporter -->
<testsuite hostname="DESKTOP-48LBP3K" failures="0" tests="1" name="TestNG.apiForkTest" time="6.248" errors="0" timestamp="21 juil. 2021 21:34:55 GMT" skipped="0">
  <testcase classname="TestNG.apiForkTest" name="getpokemons" time="6.248"/>
</testsuite> <!-- TestNG.apiForkTest -->
